<?xml version="1.0" encoding="UTF-8" ?>
<testsuite failures="0" time="13.22" errors="1" skipped="0" tests="1" name="org.heyimtaeyang.test.Test">
  <properties>
[...]
</properties>
  <testcase time="13.219" classname="org.heyimtaeyang.test.Test" name="ShowTest">
    <error type="java.lang.NullPointerException">java.lang.NullPointerException
	at org.heyimtaeyang.test.Test.ShowTest(Test.java:50)
	at sun.reflect.NativeMethodAccessorImpl.invoke0(Native Method)
	at sun.reflect.NativeMethodAccessorImpl.invoke(NativeMethodAccessorImpl.java:57)
	at sun.reflect.DelegatingMethodAccessorImpl.invoke(DelegatingMethodAccessorImpl.java:43)
	at java.lang.reflect.Method.invoke(Method.java:606)
	at org.junit.runners.model.FrameworkMethod$1.runReflectiveCall(FrameworkMethod.java:50)
	at org.junit.internal.runners.model.ReflectiveCallable.run(ReflectiveCallable.java:12)
	at org.junit.runners.model.FrameworkMethod.invokeExplosively(FrameworkMethod.java:47)
	at org.junit.internal.runners.statements.InvokeMethod.evaluate(InvokeMethod.java:17)
	at org.junit.runners.ParentRunner.runLeaf(ParentRunner.java:325)
	at org.junit.runners.BlockJUnit4ClassRunner.runChild(BlockJUnit4ClassRunner.java:78)
	at org.junit.runners.BlockJUnit4ClassRunner.runChild(BlockJUnit4ClassRunner.java:57)
	at org.junit.runners.ParentRunner$3.run(ParentRunner.java:290)
	at org.junit.runners.ParentRunner$1.schedule(ParentRunner.java:71)
	at org.junit.runners.ParentRunner.runChildren(ParentRunner.java:288)
	at org.junit.runners.ParentRunner.access$000(ParentRunner.java:58)
	at org.junit.runners.ParentRunner$2.evaluate(ParentRunner.java:268)
	at org.junit.runners.ParentRunner.run(ParentRunner.java:363)
	at org.apache.maven.surefire.junit4.JUnit4TestSet.execute(JUnit4TestSet.java:53)
	at org.apache.maven.surefire.junit4.JUnit4Provider.executeTestSet(JUnit4Provider.java:123)
	at org.apache.maven.surefire.junit4.JUnit4Provider.invoke(JUnit4Provider.java:104)
	at sun.reflect.NativeMethodAccessorImpl.invoke0(Native Method)
	at sun.reflect.NativeMethodAccessorImpl.invoke(NativeMethodAccessorImpl.java:57)
	at sun.reflect.DelegatingMethodAccessorImpl.invoke(DelegatingMethodAccessorImpl.java:43)
	at java.lang.reflect.Method.invoke(Method.java:606)
	at org.apache.maven.surefire.util.ReflectionUtils.invokeMethodWithArray(ReflectionUtils.java:164)
	at org.apache.maven.surefire.booter.ProviderFactory$ProviderProxy.invoke(ProviderFactory.java:110)
	at org.apache.maven.surefire.booter.SurefireStarter.invokeProvider(SurefireStarter.java:175)
	at org.apache.maven.surefire.booter.SurefireStarter.runSuitesInProcessWhenForked(SurefireStarter.java:107)
	at org.apache.maven.surefire.booter.ForkedBooter.main(ForkedBooter.java:68)
</error>
    <system-err>四月 10, 2016 12:32:11 上午 org.hibernate.annotations.common.reflection.java.JavaReflectionManager &lt;clinit&gt;
INFO: HCANN000001: Hibernate Commons Annotations {4.0.4.Final}
四月 10, 2016 12:32:11 上午 org.hibernate.Version logVersion
INFO: HHH000412: Hibernate Core {4.3.1.Final}
四月 10, 2016 12:32:11 上午 org.hibernate.cfg.Environment &lt;clinit&gt;
INFO: HHH000206: hibernate.properties not found
四月 10, 2016 12:32:11 上午 org.hibernate.cfg.Environment buildBytecodeProvider
INFO: HHH000021: Bytecode provider name : javassist
四月 10, 2016 12:32:11 上午 org.hibernate.cfg.Configuration configure
INFO: HHH000043: Configuring from resource: /hibernate.cfg.xml
四月 10, 2016 12:32:11 上午 org.hibernate.cfg.Configuration getConfigurationInputStream
INFO: HHH000040: Configuration resource: /hibernate.cfg.xml
四月 10, 2016 12:32:11 上午 org.hibernate.cfg.Configuration addResource
INFO: HHH000221: Reading mappings from resource: org/heyimtaeyang/entity/Gradeteacher.hbm.xml
四月 10, 2016 12:32:11 上午 org.hibernate.cfg.Configuration addResource
INFO: HHH000221: Reading mappings from resource: org/heyimtaeyang/entity/Achievement.hbm.xml
四月 10, 2016 12:32:11 上午 org.hibernate.cfg.Configuration addResource
INFO: HHH000221: Reading mappings from resource: org/heyimtaeyang/entity/College.hbm.xml
四月 10, 2016 12:32:11 上午 org.hibernate.cfg.Configuration addResource
INFO: HHH000221: Reading mappings from resource: org/heyimtaeyang/entity/Classmessage.hbm.xml
四月 10, 2016 12:32:11 上午 org.hibernate.cfg.Configuration addResource
INFO: HHH000221: Reading mappings from resource: org/heyimtaeyang/entity/Users.hbm.xml
四月 10, 2016 12:32:11 上午 org.hibernate.cfg.Configuration addResource
INFO: HHH000221: Reading mappings from resource: org/heyimtaeyang/entity/Student.hbm.xml
四月 10, 2016 12:32:11 上午 org.hibernate.cfg.Configuration addResource
INFO: HHH000221: Reading mappings from resource: org/heyimtaeyang/entity/Teacher.hbm.xml
四月 10, 2016 12:32:11 上午 org.hibernate.cfg.Configuration addResource
INFO: HHH000221: Reading mappings from resource: org/heyimtaeyang/entity/Profession.hbm.xml
四月 10, 2016 12:32:11 上午 org.hibernate.cfg.Configuration addResource
INFO: HHH000221: Reading mappings from resource: org/heyimtaeyang/entity/Citation.hbm.xml
四月 10, 2016 12:32:11 上午 org.hibernate.cfg.Configuration addResource
INFO: HHH000221: Reading mappings from resource: org/heyimtaeyang/entity/Admin.hbm.xml
四月 10, 2016 12:32:11 上午 org.hibernate.cfg.Configuration addResource
INFO: HHH000221: Reading mappings from resource: org/heyimtaeyang/entity/Jurisdiction.hbm.xml
四月 10, 2016 12:32:11 上午 org.hibernate.cfg.Configuration addResource
INFO: HHH000221: Reading mappings from resource: org/heyimtaeyang/entity/Grade.hbm.xml
四月 10, 2016 12:32:11 上午 org.hibernate.cfg.Configuration addResource
INFO: HHH000221: Reading mappings from resource: org/heyimtaeyang/entity/Adminmessage.hbm.xml
四月 10, 2016 12:32:11 上午 org.hibernate.cfg.Configuration addResource
INFO: HHH000221: Reading mappings from resource: org/heyimtaeyang/entity/Post.hbm.xml
四月 10, 2016 12:32:11 上午 org.hibernate.cfg.Configuration addResource
INFO: HHH000221: Reading mappings from resource: org/heyimtaeyang/entity/Systeminformation.hbm.xml
四月 10, 2016 12:32:11 上午 org.hibernate.cfg.Configuration addResource
INFO: HHH000221: Reading mappings from resource: org/heyimtaeyang/entity/Political.hbm.xml
四月 10, 2016 12:32:11 上午 org.hibernate.cfg.Configuration addResource
INFO: HHH000221: Reading mappings from resource: org/heyimtaeyang/entity/Reply.hbm.xml
四月 10, 2016 12:32:11 上午 org.hibernate.cfg.Configuration addResource
INFO: HHH000221: Reading mappings from resource: org/heyimtaeyang/entity/Teacherreply.hbm.xml
四月 10, 2016 12:32:11 上午 org.hibernate.cfg.Configuration addResource
INFO: HHH000221: Reading mappings from resource: org/heyimtaeyang/entity/Teachermessage.hbm.xml
四月 10, 2016 12:32:11 上午 org.hibernate.cfg.Configuration doConfigure
INFO: HHH000041: Configured SessionFactory: null
四月 10, 2016 12:32:11 上午 org.hibernate.engine.jdbc.connections.internal.DriverManagerConnectionProviderImpl configure
WARN: HHH000402: Using Hibernate built-in connection pool (not for production use!)
四月 10, 2016 12:32:11 上午 org.hibernate.engine.jdbc.connections.internal.DriverManagerConnectionProviderImpl buildCreator
INFO: HHH000401: using driver [com.mysql.jdbc.Driver] at URL [jdbc:mysql://localhost:3306/studentmanager?useUnicode=true&amp;characterEncoding=UTF-8&amp;zeroDateTimeBehavior=convertToNull&amp;transformedBitIsBoolean=true]
四月 10, 2016 12:32:11 上午 org.hibernate.engine.jdbc.connections.internal.DriverManagerConnectionProviderImpl buildCreator
INFO: HHH000046: Connection properties: {user=root, password=****}
四月 10, 2016 12:32:11 上午 org.hibernate.engine.jdbc.connections.internal.DriverManagerConnectionProviderImpl buildCreator
INFO: HHH000006: Autocommit mode: false
四月 10, 2016 12:32:11 上午 org.hibernate.engine.jdbc.connections.internal.DriverManagerConnectionProviderImpl configure
INFO: HHH000115: Hibernate connection pool size: 20 (min=1)
四月 10, 2016 12:32:23 上午 org.hibernate.dialect.Dialect &lt;init&gt;
INFO: HHH000400: Using dialect: org.hibernate.dialect.MySQLDialect
四月 10, 2016 12:32:23 上午 org.hibernate.engine.transaction.internal.TransactionFactoryInitiator initiateService
INFO: HHH000399: Using default transaction strategy (direct JDBC transactions)
四月 10, 2016 12:32:23 上午 org.hibernate.hql.internal.ast.ASTQueryTranslatorFactory &lt;init&gt;
INFO: HHH000397: Using ASTQueryTranslatorFactory
</system-err>
  </testcase>
</testsuite>